2020-08-25 05:50:30,908(HH:mm) | INFO |DefaultCamelContext.java 3146 | Apache Camel 2.20.1 (CamelContext: camel-1) is starting
2020-08-25 05:50:30,918(HH:mm) | INFO |ManagedManagementStrategy.java 205 | JMX is enabled
2020-08-25 05:50:41,374(HH:mm) | INFO |DefaultTypeConverter.java 66 | Type converters loaded (core: 192, classpath: 0)
2020-08-25 05:50:41,534(HH:mm) | INFO |DefaultCamelContext.java 3466 | StreamCaching is not in use. If using streams then its recommended to enable stream caching. See more details at http://camel.apache.org/stream-caching.html
2020-08-25 05:50:41,590(HH:mm) | INFO |DefaultCamelContext.java 4026 | Route: route1 started and consuming from: file://data/input
2020-08-25 05:50:41,591(HH:mm) | INFO |DefaultCamelContext.java 3195 | Total 1 routes, of which 1 are started
2020-08-25 05:50:41,616(HH:mm) | INFO |DefaultCamelContext.java 3207 | Apache Camel 2.20.1 (CamelContext: camel-1) started in 10.693 seconds
2020-08-25 05:50:46,620(HH:mm) | INFO |DefaultCamelContext.java 3497 | Apache Camel 2.20.1 (CamelContext: camel-1) is shutting down
2020-08-25 05:50:46,621(HH:mm) | INFO |DefaultShutdownStrategy.java 195 | Starting to graceful shutdown 1 routes (timeout 300 seconds)
2020-08-25 05:50:46,629(HH:mm) | INFO |DefaultShutdownStrategy.java 671 | Route: route1 shutdown complete, was consuming from: file://data/input
2020-08-25 05:50:46,629(HH:mm) | INFO |DefaultShutdownStrategy.java 260 | Graceful shutdown of 1 routes completed in 0 seconds
2020-08-25 05:50:46,701(HH:mm) | INFO |DefaultCamelContext.java 3588 | Apache Camel 2.20.1 (CamelContext: camel-1) uptime 15.803 seconds
2020-08-25 05:50:46,701(HH:mm) | INFO |DefaultCamelContext.java 3589 | Apache Camel 2.20.1 (CamelContext: camel-1) is shutdown in 0.081 seconds
2020-08-25 05:52:34,018 | INFO | DefaultCamelContext.java 3146 | Apache Camel 2.20.1 (CamelContext: camel-1) is starting
2020-08-25 05:52:34,022 | INFO | ManagedManagementStrategy.java 205 | JMX is enabled
2020-08-25 05:52:44,285 | INFO | DefaultTypeConverter.java 66 | Type converters loaded (core: 192, classpath: 0)
2020-08-25 05:52:44,438 | INFO | DefaultCamelContext.java 3466 | StreamCaching is not in use. If using streams then its recommended to enable stream caching. See more details at http://camel.apache.org/stream-caching.html
2020-08-25 05:52:44,500 | INFO | DefaultCamelContext.java 4026 | Route: route1 started and consuming from: file://data/input
2020-08-25 05:52:44,500 | INFO | DefaultCamelContext.java 3195 | Total 1 routes, of which 1 are started
2020-08-25 05:52:44,504 | INFO | DefaultCamelContext.java 3207 | Apache Camel 2.20.1 (CamelContext: camel-1) started in 10.487 seconds
2020-08-25 05:52:49,510 | INFO | DefaultCamelContext.java 3497 | Apache Camel 2.20.1 (CamelContext: camel-1) is shutting down
2020-08-25 05:52:49,511 | INFO | DefaultShutdownStrategy.java 195 | Starting to graceful shutdown 1 routes (timeout 300 seconds)
2020-08-25 05:52:49,518 | INFO | DefaultShutdownStrategy.java 671 | Route: route1 shutdown complete, was consuming from: file://data/input
2020-08-25 05:52:49,518 | INFO | DefaultShutdownStrategy.java 260 | Graceful shutdown of 1 routes completed in 0 seconds
2020-08-25 05:52:49,548 | INFO | DefaultCamelContext.java 3588 | Apache Camel 2.20.1 (CamelContext: camel-1) uptime 15.533 seconds
2020-08-25 05:52:49,548 | INFO | DefaultCamelContext.java 3589 | Apache Camel 2.20.1 (CamelContext: camel-1) is shutdown in 0.038 seconds
2020-08-25 05:54:44,303 | INFO | DefaultCamelContext.java 3146 | Apache Camel 2.20.1 (CamelContext: camel-1) is starting
2020-08-25 05:54:44,307 | INFO | ManagedManagementStrategy.java 205 | JMX is enabled
2020-08-25 05:54:54,569 | INFO | DefaultTypeConverter.java 66 | Type converters loaded (core: 192, classpath: 0)
2020-08-25 05:54:54,721 | INFO | DefaultCamelContext.java 3466 | StreamCaching is not in use. If using streams then its recommended to enable stream caching. See more details at http://camel.apache.org/stream-caching.html
2020-08-25 05:54:54,726 | INFO | FileEndpoint.java 104 | Endpoint is configured with noop=true so forcing endpoint to be idempotent as well
2020-08-25 05:54:54,726 | INFO | FileEndpoint.java 110 | Using default memory based idempotent repository with cache max size: 1000
2020-08-25 05:54:54,774 | INFO | DefaultCamelContext.java 4026 | Route: route1 started and consuming from: file://data/input?noop=true
2020-08-25 05:54:54,775 | INFO | DefaultCamelContext.java 3195 | Total 1 routes, of which 1 are started
2020-08-25 05:54:54,779 | INFO | DefaultCamelContext.java 3207 | Apache Camel 2.20.1 (CamelContext: camel-1) started in 10.476 seconds
2020-08-25 05:54:59,784 | INFO | DefaultCamelContext.java 3497 | Apache Camel 2.20.1 (CamelContext: camel-1) is shutting down
2020-08-25 05:54:59,786 | INFO | DefaultShutdownStrategy.java 195 | Starting to graceful shutdown 1 routes (timeout 300 seconds)
2020-08-25 05:54:59,792 | INFO | DefaultShutdownStrategy.java 671 | Route: route1 shutdown complete, was consuming from: file://data/input?noop=true
2020-08-25 05:54:59,793 | INFO | DefaultShutdownStrategy.java 260 | Graceful shutdown of 1 routes completed in 0 seconds
2020-08-25 05:54:59,821 | INFO | DefaultCamelContext.java 3588 | Apache Camel 2.20.1 (CamelContext: camel-1) uptime 15.522 seconds
2020-08-25 05:54:59,821 | INFO | DefaultCamelContext.java 3589 | Apache Camel 2.20.1 (CamelContext: camel-1) is shutdown in 0.037 seconds
2020-08-25 05:57:40,528 | INFO | DefaultCamelContext.java 3146 | Apache Camel 2.20.1 (CamelContext: camel-1) is starting
2020-08-25 05:57:40,532 | INFO | ManagedManagementStrategy.java 205 | JMX is enabled
2020-08-25 05:57:50,798 | INFO | DefaultTypeConverter.java 66 | Type converters loaded (core: 192, classpath: 0)
2020-08-25 05:57:50,976 | INFO | DefaultCamelContext.java 3466 | StreamCaching is not in use. If using streams then its recommended to enable stream caching. See more details at http://camel.apache.org/stream-caching.html
2020-08-25 05:57:50,981 | INFO | FileEndpoint.java 104 | Endpoint is configured with noop=true so forcing endpoint to be idempotent as well
2020-08-25 05:57:50,982 | INFO | FileEndpoint.java 110 | Using default memory based idempotent repository with cache max size: 1000
2020-08-25 05:57:51,049 | INFO | DefaultCamelContext.java 4026 | Route: route1 started and consuming from: file://data/input?noop=true
2020-08-25 05:57:51,050 | INFO | DefaultCamelContext.java 3195 | Total 1 routes, of which 1 are started
2020-08-25 05:57:51,055 | INFO | DefaultCamelContext.java 3207 | Apache Camel 2.20.1 (CamelContext: camel-1) started in 10.526 seconds
2020-08-25 05:57:56,061 | INFO | DefaultCamelContext.java 3497 | Apache Camel 2.20.1 (CamelContext: camel-1) is shutting down
2020-08-25 05:57:56,062 | INFO | DefaultShutdownStrategy.java 195 | Starting to graceful shutdown 1 routes (timeout 300 seconds)
2020-08-25 05:57:56,069 | INFO | DefaultShutdownStrategy.java 671 | Route: route1 shutdown complete, was consuming from: file://data/input?noop=true
2020-08-25 05:57:56,069 | INFO | DefaultShutdownStrategy.java 260 | Graceful shutdown of 1 routes completed in 0 seconds
2020-08-25 05:57:56,097 | INFO | DefaultCamelContext.java 3588 | Apache Camel 2.20.1 (CamelContext: camel-1) uptime 15.572 seconds
2020-08-25 05:57:56,097 | INFO | DefaultCamelContext.java 3589 | Apache Camel 2.20.1 (CamelContext: camel-1) is shutdown in 0.036 seconds
2020-08-25 06:09:08,636 | INFO | DefaultCamelContext.java 3146 | Apache Camel 2.20.1 (CamelContext: camel-1) is starting
2020-08-25 06:09:08,641 | INFO | ManagedManagementStrategy.java 205 | JMX is enabled
2020-08-25 06:09:18,899 | INFO | DefaultTypeConverter.java 66 | Type converters loaded (core: 192, classpath: 0)
2020-08-25 06:09:19,060 | INFO | DefaultCamelContext.java 3466 | StreamCaching is not in use. If using streams then its recommended to enable stream caching. See more details at http://camel.apache.org/stream-caching.html
2020-08-25 06:09:19,064 | INFO | FileEndpoint.java 104 | Endpoint is configured with noop=true so forcing endpoint to be idempotent as well
2020-08-25 06:09:19,064 | INFO | FileEndpoint.java 110 | Using default memory based idempotent repository with cache max size: 1000
2020-08-25 06:09:19,135 | INFO | DefaultCamelContext.java 4026 | Route: route1 started and consuming from: file://data/input?noop=true
2020-08-25 06:09:19,136 | INFO | DefaultCamelContext.java 3195 | Total 1 routes, of which 1 are started
2020-08-25 06:09:19,141 | INFO | DefaultCamelContext.java 3207 | Apache Camel 2.20.1 (CamelContext: camel-1) started in 10.503 seconds
2020-08-25 06:09:20,151 | INFO | CamelLogger.java 159 | Exchange[ExchangePattern: InOnly, BodyType: org.apache.camel.component.file.GenericFile, Body: [Body is file based: GenericFile[file2.txt]]]
2020-08-25 06:09:20,165 | INFO | CamelLogger.java 159 | Exchange[ExchangePattern: InOnly, BodyType: org.apache.camel.component.file.GenericFile, Body: [Body is file based: GenericFile[file1.txt]]]
2020-08-25 06:09:24,147 | INFO | DefaultCamelContext.java 3497 | Apache Camel 2.20.1 (CamelContext: camel-1) is shutting down
2020-08-25 06:09:24,149 | INFO | DefaultShutdownStrategy.java 195 | Starting to graceful shutdown 1 routes (timeout 300 seconds)
2020-08-25 06:09:24,155 | INFO | DefaultShutdownStrategy.java 671 | Route: route1 shutdown complete, was consuming from: file://data/input?noop=true
2020-08-25 06:09:24,156 | INFO | DefaultShutdownStrategy.java 260 | Graceful shutdown of 1 routes completed in 0 seconds
2020-08-25 06:09:24,186 | INFO | DefaultCamelContext.java 3588 | Apache Camel 2.20.1 (CamelContext: camel-1) uptime 15.553 seconds
2020-08-25 06:09:24,188 | INFO | DefaultCamelContext.java 3589 | Apache Camel 2.20.1 (CamelContext: camel-1) is shutdown in 0.041 seconds
2020-08-25 06:11:56,620 | INFO | DefaultCamelContext.java 3146 | Apache Camel 2.20.1 (CamelContext: camel-1) is starting
2020-08-25 06:11:56,624 | INFO | ManagedManagementStrategy.java 205 | JMX is enabled
2020-08-25 06:12:06,878 | INFO | DefaultTypeConverter.java 66 | Type converters loaded (core: 192, classpath: 0)
2020-08-25 06:12:07,043 | INFO | DefaultCamelContext.java 3466 | StreamCaching is not in use. If using streams then its recommended to enable stream caching. See more details at http://camel.apache.org/stream-caching.html
2020-08-25 06:12:07,048 | INFO | FileEndpoint.java 104 | Endpoint is configured with noop=true so forcing endpoint to be idempotent as well
2020-08-25 06:12:07,048 | INFO | FileEndpoint.java 110 | Using default memory based idempotent repository with cache max size: 1000
2020-08-25 06:12:07,104 | INFO | DefaultCamelContext.java 4026 | Route: route1 started and consuming from: file://data/input?noop=true
2020-08-25 06:12:07,105 | INFO | DefaultCamelContext.java 3195 | Total 1 routes, of which 1 are started
2020-08-25 06:12:07,109 | INFO | DefaultCamelContext.java 3207 | Apache Camel 2.20.1 (CamelContext: camel-1) started in 10.489 seconds
2020-08-25 06:12:08,131 | INFO | CamelLogger.java 159 | Exchange[ExchangePattern: InOnly, Headers: {breadcrumbId=ID-Rajs-MacBook-Air-local-1598316116302-0-1, CamelFileAbsolute=false, CamelFileAbsolutePath=/Users/rajkhare/Udemy/workspace/Camel/learncamel-simple-route/data/input/file2.txt, CamelFileLastModified=1598231145000, CamelFileLength=5, CamelFileName=file2.txt, CamelFileNameConsumed=file2.txt, CamelFileNameOnly=file2.txt, CamelFileParent=data/input, CamelFilePath=data/input/file2.txt, CamelFileRelativePath=file2.txt}, BodyType: org.apache.camel.component.file.GenericFile, Body: [Body is file based: GenericFile[file2.txt]]]
2020-08-25 06:12:08,145 | INFO | CamelLogger.java 159 | Exchange[ExchangePattern: InOnly, Headers: {breadcrumbId=ID-Rajs-MacBook-Air-local-1598316116302-0-2, CamelFileAbsolute=false, CamelFileAbsolutePath=/Users/rajkhare/Udemy/workspace/Camel/learncamel-simple-route/data/input/file1.txt, CamelFileLastModified=1598231145000, CamelFileLength=2, CamelFileName=file1.txt, CamelFileNameConsumed=file1.txt, CamelFileNameOnly=file1.txt, CamelFileParent=data/input, CamelFilePath=data/input/file1.txt, CamelFileRelativePath=file1.txt}, BodyType: org.apache.camel.component.file.GenericFile, Body: [Body is file based: GenericFile[file1.txt]]]
2020-08-25 06:12:12,111 | INFO | DefaultCamelContext.java 3497 | Apache Camel 2.20.1 (CamelContext: camel-1) is shutting down
2020-08-25 06:12:12,113 | INFO | DefaultShutdownStrategy.java 195 | Starting to graceful shutdown 1 routes (timeout 300 seconds)
2020-08-25 06:12:12,121 | INFO | DefaultShutdownStrategy.java 671 | Route: route1 shutdown complete, was consuming from: file://data/input?noop=true
2020-08-25 06:12:12,122 | INFO | DefaultShutdownStrategy.java 260 | Graceful shutdown of 1 routes completed in 0 seconds
2020-08-25 06:12:12,147 | INFO | DefaultCamelContext.java 3588 | Apache Camel 2.20.1 (CamelContext: camel-1) uptime 15.531 seconds
2020-08-25 06:12:12,148 | INFO | DefaultCamelContext.java 3589 | Apache Camel 2.20.1 (CamelContext: camel-1) is shutdown in 0.037 seconds
2020-08-26 07:28:16,565 | INFO | DefaultCamelContext.java 3146 | Apache Camel 2.20.1 (CamelContext: camel-1) is starting
2020-08-26 07:28:16,578 | INFO | ManagedManagementStrategy.java 205 | JMX is enabled
2020-08-26 07:28:27,173 | INFO | DefaultTypeConverter.java 66 | Type converters loaded (core: 192, classpath: 0)
2020-08-26 07:28:27,357 | INFO | DefaultCamelContext.java 3497 | Apache Camel 2.20.1 (CamelContext: camel-1) is shutting down
2020-08-26 07:28:27,417 | INFO | DefaultCamelContext.java 3588 | Apache Camel 2.20.1 (CamelContext: camel-1) uptime 10.855 seconds
2020-08-26 07:28:27,418 | INFO | DefaultCamelContext.java 3589 | Apache Camel 2.20.1 (CamelContext: camel-1) is shutdown in 0.061 seconds
2020-08-26 07:29:54,340 | INFO | DefaultCamelContext.java 3146 | Apache Camel 2.20.1 (CamelContext: camel-1) is starting
2020-08-26 07:29:54,344 | INFO | ManagedManagementStrategy.java 205 | JMX is enabled
2020-08-26 07:30:04,613 | INFO | DefaultTypeConverter.java 66 | Type converters loaded (core: 192, classpath: 0)
2020-08-26 07:30:04,807 | INFO | DefaultCamelContext.java 3466 | StreamCaching is not in use. If using streams then its recommended to enable stream caching. See more details at http://camel.apache.org/stream-caching.html
2020-08-26 07:30:04,816 | INFO | FileEndpoint.java 104 | Endpoint is configured with noop=true so forcing endpoint to be idempotent as well
2020-08-26 07:30:04,817 | INFO | FileEndpoint.java 110 | Using default memory based idempotent repository with cache max size: 1000
2020-08-26 07:30:04,927 | INFO | DefaultCamelContext.java 4026 | Route: route1 started and consuming from: file://data/input?noop=true
2020-08-26 07:30:04,928 | INFO | DefaultCamelContext.java 3195 | Total 1 routes, of which 1 are started
2020-08-26 07:30:04,936 | INFO | DefaultCamelContext.java 3207 | Apache Camel 2.20.1 (CamelContext: camel-1) started in 10.592 seconds
2020-08-26 07:30:05,955 | INFO | CamelLogger.java 159 | Exchange[ExchangePattern: InOnly, Headers: {breadcrumbId=ID-Rajs-MacBook-Air-local-1598407194009-0-1, CamelFileAbsolute=false, CamelFileAbsolutePath=/Users/rajkhare/Udemy/workspace/Camel/learncamel-simple-route/data/input/file2.txt, CamelFileLastModified=1598231145000, CamelFileLength=5, CamelFileName=file2.txt, CamelFileNameConsumed=file2.txt, CamelFileNameOnly=file2.txt, CamelFileParent=data/input, CamelFilePath=data/input/file2.txt, CamelFileRelativePath=file2.txt}, BodyType: org.apache.camel.component.file.GenericFile, Body: [Body is file based: GenericFile[file2.txt]]]
2020-08-26 07:30:05,989 | INFO | CamelLogger.java 159 | Exchange[ExchangePattern: InOnly, Headers: {breadcrumbId=ID-Rajs-MacBook-Air-local-1598407194009-0-2, CamelFileAbsolute=false, CamelFileAbsolutePath=/Users/rajkhare/Udemy/workspace/Camel/learncamel-simple-route/data/input/file1.txt, CamelFileLastModified=1598231145000, CamelFileLength=2, CamelFileName=file1.txt, CamelFileNameConsumed=file1.txt, CamelFileNameOnly=file1.txt, CamelFileParent=data/input, CamelFilePath=data/input/file1.txt, CamelFileRelativePath=file1.txt}, BodyType: org.apache.camel.component.file.GenericFile, Body: [Body is file based: GenericFile[file1.txt]]]
2020-08-26 07:30:09,943 | INFO | DefaultCamelContext.java 3497 | Apache Camel 2.20.1 (CamelContext: camel-1) is shutting down
2020-08-26 07:30:09,945 | INFO | DefaultShutdownStrategy.java 195 | Starting to graceful shutdown 1 routes (timeout 300 seconds)
2020-08-26 07:30:09,955 | INFO | DefaultShutdownStrategy.java 671 | Route: route1 shutdown complete, was consuming from: file://data/input?noop=true
2020-08-26 07:30:09,956 | INFO | DefaultShutdownStrategy.java 260 | Graceful shutdown of 1 routes completed in 0 seconds
2020-08-26 07:30:09,982 | INFO | DefaultCamelContext.java 3588 | Apache Camel 2.20.1 (CamelContext: camel-1) uptime 15.646 seconds
2020-08-26 07:30:09,983 | INFO | DefaultCamelContext.java 3589 | Apache Camel 2.20.1 (CamelContext: camel-1) is shutdown in 0.040 seconds
2020-08-26 07:38:53,271 | INFO | DefaultCamelContext.java 3146 | Apache Camel 2.20.1 (CamelContext: camel-1) is starting
2020-08-26 07:38:53,275 | INFO | ManagedManagementStrategy.java 205 | JMX is enabled
2020-08-26 07:39:03,522 | INFO | DefaultTypeConverter.java 66 | Type converters loaded (core: 192, classpath: 0)
2020-08-26 07:39:03,690 | INFO | DefaultCamelContext.java 3466 | StreamCaching is not in use. If using streams then its recommended to enable stream caching. See more details at http://camel.apache.org/stream-caching.html
2020-08-26 07:39:03,695 | INFO | FileEndpoint.java 104 | Endpoint is configured with noop=true so forcing endpoint to be idempotent as well
2020-08-26 07:39:03,695 | INFO | FileEndpoint.java 110 | Using default memory based idempotent repository with cache max size: 1000
2020-08-26 07:39:03,732 | INFO | FileEndpoint.java 104 | Endpoint is configured with noop=true so forcing endpoint to be idempotent as well
2020-08-26 07:39:03,732 | INFO | FileEndpoint.java 110 | Using default memory based idempotent repository with cache max size: 1000
2020-08-26 07:39:03,755 | INFO | DefaultCamelContext.java 4026 | Route: route1 started and consuming from: file://data/input?noop=true
2020-08-26 07:39:03,758 | INFO | DefaultCamelContext.java 4026 | Route: route2 started and consuming from: file://data/input1?noop=true
2020-08-26 07:39:03,759 | INFO | DefaultCamelContext.java 3195 | Total 2 routes, of which 2 are started
2020-08-26 07:39:03,762 | INFO | DefaultCamelContext.java 3207 | Apache Camel 2.20.1 (CamelContext: camel-1) started in 10.492 seconds
2020-08-26 07:39:04,787 | INFO | CamelLogger.java 159 | Exchange[ExchangePattern: InOnly, Headers: {breadcrumbId=ID-Rajs-MacBook-Air-local-1598407732925-0-1, CamelFileAbsolute=false, CamelFileAbsolutePath=/Users/rajkhare/Udemy/workspace/Camel/learncamel-simple-route/data/input/file2.txt, CamelFileLastModified=1598231145000, CamelFileLength=5, CamelFileName=file2.txt, CamelFileNameConsumed=file2.txt, CamelFileNameOnly=file2.txt, CamelFileParent=data/input, CamelFilePath=data/input/file2.txt, CamelFileRelativePath=file2.txt}, BodyType: org.apache.camel.component.file.GenericFile, Body: [Body is file based: GenericFile[file2.txt]]]
2020-08-26 07:39:04,798 | INFO | CamelLogger.java 159 | Exchange[ExchangePattern: InOnly, Headers: {breadcrumbId=ID-Rajs-MacBook-Air-local-1598407732925-0-4, CamelFileAbsolute=false, CamelFileAbsolutePath=/Users/rajkhare/Udemy/workspace/Camel/learncamel-simple-route/data/input/file1.txt, CamelFileLastModified=1598231145000, CamelFileLength=2, CamelFileName=file1.txt, CamelFileNameConsumed=file1.txt, CamelFileNameOnly=file1.txt, CamelFileParent=data/input, CamelFilePath=data/input/file1.txt, CamelFileRelativePath=file1.txt}, BodyType: org.apache.camel.component.file.GenericFile, Body: [Body is file based: GenericFile[file1.txt]]]
2020-08-26 07:39:08,768 | INFO | DefaultCamelContext.java 3497 | Apache Camel 2.20.1 (CamelContext: camel-1) is shutting down
2020-08-26 07:39:08,770 | INFO | DefaultShutdownStrategy.java 195 | Starting to graceful shutdown 2 routes (timeout 300 seconds)
2020-08-26 07:39:08,781 | INFO | DefaultShutdownStrategy.java 671 | Route: route2 shutdown complete, was consuming from: file://data/input1?noop=true
2020-08-26 07:39:08,782 | INFO | DefaultShutdownStrategy.java 671 | Route: route1 shutdown complete, was consuming from: file://data/input?noop=true
2020-08-26 07:39:08,783 | INFO | DefaultShutdownStrategy.java 260 | Graceful shutdown of 2 routes completed in 0 seconds
2020-08-26 07:39:08,805 | INFO | DefaultCamelContext.java 3588 | Apache Camel 2.20.1 (CamelContext: camel-1) uptime 15.538 seconds
2020-08-26 07:39:08,806 | INFO | DefaultCamelContext.java 3589 | Apache Camel 2.20.1 (CamelContext: camel-1) is shutdown in 0.038 seconds
2020-08-26 07:51:05,718 | INFO | DefaultCamelContext.java 3146 | Apache Camel 2.20.1 (CamelContext: camel-1) is starting
2020-08-26 07:51:05,722 | INFO | ManagedManagementStrategy.java 205 | JMX is enabled
2020-08-26 07:51:15,976 | INFO | DefaultTypeConverter.java 66 | Type converters loaded (core: 192, classpath: 0)
2020-08-26 07:51:16,141 | INFO | DefaultCamelContext.java 3466 | StreamCaching is not in use. If using streams then its recommended to enable stream caching. See more details at http://camel.apache.org/stream-caching.html
2020-08-26 07:51:16,145 | INFO | FileEndpoint.java 104 | Endpoint is configured with noop=true so forcing endpoint to be idempotent as well
2020-08-26 07:51:16,146 | INFO | FileEndpoint.java 110 | Using default memory based idempotent repository with cache max size: 1000
2020-08-26 07:51:16,185 | INFO | FileEndpoint.java 104 | Endpoint is configured with noop=true so forcing endpoint to be idempotent as well
2020-08-26 07:51:16,186 | INFO | FileEndpoint.java 110 | Using default memory based idempotent repository with cache max size: 1000
2020-08-26 07:51:16,229 | INFO | DefaultCamelContext.java 4026 | Route: route1 started and consuming from: file://data/input?noop=true
2020-08-26 07:51:16,235 | INFO | DefaultCamelContext.java 4026 | Route: route2 started and consuming from: file://data/input1?noop=true
2020-08-26 07:51:16,235 | INFO | DefaultCamelContext.java 3195 | Total 2 routes, of which 2 are started
2020-08-26 07:51:16,240 | INFO | DefaultCamelContext.java 3207 | Apache Camel 2.20.1 (CamelContext: camel-1) started in 10.522 seconds
2020-08-26 07:51:17,266 | INFO | CamelLogger.java 159 | Exchange[ExchangePattern: InOnly, Headers: {breadcrumbId=ID-Rajs-MacBook-Air-local-1598408465391-0-1, CamelFileAbsolute=false, CamelFileAbsolutePath=/Users/rajkhare/Udemy/workspace/Camel/learncamel-simple-route/data/input/file2.txt, CamelFileLastModified=1598231145000, CamelFileLength=5, CamelFileName=file2.txt, CamelFileNameConsumed=file2.txt, CamelFileNameOnly=file2.txt, CamelFileParent=data/input, CamelFilePath=data/input/file2.txt, CamelFileRelativePath=file2.txt}, BodyType: org.apache.camel.component.file.GenericFile, Body: [Body is file based: GenericFile[file2.txt]]]
2020-08-26 07:51:17,279 | INFO | CamelLogger.java 159 | Exchange[ExchangePattern: InOnly, Headers: {breadcrumbId=ID-Rajs-MacBook-Air-local-1598408465391-0-4, CamelFileAbsolute=false, CamelFileAbsolutePath=/Users/rajkhare/Udemy/workspace/Camel/learncamel-simple-route/data/input/file1.txt, CamelFileLastModified=1598231145000, CamelFileLength=2, CamelFileName=file1.txt, CamelFileNameConsumed=file1.txt, CamelFileNameOnly=file1.txt, CamelFileParent=data/input, CamelFilePath=data/input/file1.txt, CamelFileRelativePath=file1.txt}, BodyType: org.apache.camel.component.file.GenericFile, Body: [Body is file based: GenericFile[file1.txt]]]
2020-08-26 07:51:21,246 | INFO | DefaultCamelContext.java 3497 | Apache Camel 2.20.1 (CamelContext: camel-1) is shutting down
2020-08-26 07:51:21,248 | INFO | DefaultShutdownStrategy.java 195 | Starting to graceful shutdown 2 routes (timeout 300 seconds)
2020-08-26 07:51:21,259 | INFO | DefaultShutdownStrategy.java 671 | Route: route2 shutdown complete, was consuming from: file://data/input1?noop=true
2020-08-26 07:51:21,262 | INFO | DefaultShutdownStrategy.java 671 | Route: route1 shutdown complete, was consuming from: file://data/input?noop=true
2020-08-26 07:51:21,262 | INFO | DefaultShutdownStrategy.java 260 | Graceful shutdown of 2 routes completed in 0 seconds
2020-08-26 07:51:21,284 | INFO | DefaultCamelContext.java 3588 | Apache Camel 2.20.1 (CamelContext: camel-1) uptime 15.570 seconds
2020-08-26 07:51:21,285 | INFO | DefaultCamelContext.java 3589 | Apache Camel 2.20.1 (CamelContext: camel-1) is shutdown in 0.039 seconds
2020-08-29 14:21:23,579 | INFO | DefaultCamelContext.java 3146 | Apache Camel 2.20.1 (CamelContext: camel-1) is starting
2020-08-29 14:21:23,593 | INFO | ManagedManagementStrategy.java 205 | JMX is enabled
2020-08-29 14:21:24,164 | WARN | AnnotationTypeConverterLoader.java 299 | Ignoring converter type: org.apache.camel.converter.AttachmentConverter as a dependent class could not be found: java.lang.NoClassDefFoundError: javax/activation/DataHandler
java.lang.NoClassDefFoundError: javax/activation/DataHandler
	at java.base/java.lang.Class.getDeclaredMethods0(Native Method)
	at java.base/java.lang.Class.privateGetDeclaredMethods(Class.java:3167)
	at java.base/java.lang.Class.getDeclaredMethods(Class.java:2310)
	at org.apache.camel.impl.converter.AnnotationTypeConverterLoader.loadConverterMethods(AnnotationTypeConverterLoader.java:262)
	at org.apache.camel.impl.converter.AnnotationTypeConverterLoader.load(AnnotationTypeConverterLoader.java:130)
	at org.apache.camel.impl.converter.BaseTypeConverterRegistry.loadCoreTypeConverters(BaseTypeConverterRegistry.java:632)
	at org.apache.camel.impl.converter.DefaultTypeConverter.doStart(DefaultTypeConverter.java:58)
	at org.apache.camel.support.ServiceSupport.start(ServiceSupport.java:61)
	at org.apache.camel.util.ServiceHelper.startService(ServiceHelper.java:75)
	at org.apache.camel.impl.DefaultCamelContext.doAddService(DefaultCamelContext.java:1495)
	at org.apache.camel.impl.DefaultCamelContext.addService(DefaultCamelContext.java:1455)
	at org.apache.camel.impl.DefaultCamelContext.getTypeConverter(DefaultCamelContext.java:2576)
	at org.apache.camel.impl.DefaultCamelContext.getTypeConverterRegistry(DefaultCamelContext.java:2599)
	at org.apache.camel.impl.DefaultCamelContext.forceLazyInitialization(DefaultCamelContext.java:4088)
	at org.apache.camel.impl.DefaultCamelContext.doStartCamel(DefaultCamelContext.java:3378)
	at org.apache.camel.impl.DefaultCamelContext.access$000(DefaultCamelContext.java:208)
	at org.apache.camel.impl.DefaultCamelContext$2.call(DefaultCamelContext.java:3249)
	at org.apache.camel.impl.DefaultCamelContext$2.call(DefaultCamelContext.java:3245)
	at org.apache.camel.impl.DefaultCamelContext.doWithDefinedClassLoader(DefaultCamelContext.java:3268)
	at org.apache.camel.impl.DefaultCamelContext.doStart(DefaultCamelContext.java:3245)
	at org.apache.camel.support.ServiceSupport.start(ServiceSupport.java:61)
	at org.apache.camel.impl.DefaultCamelContext.start(DefaultCamelContext.java:3168)
	at com.learncamel.file.CopyFilesCamelLogging.main(CopyFilesCamelLogging.java:27)
Caused by: java.lang.ClassNotFoundException: javax.activation.DataHandler
	at java.base/jdk.internal.loader.BuiltinClassLoader.loadClass(BuiltinClassLoader.java:602)
	at java.base/jdk.internal.loader.ClassLoaders$AppClassLoader.loadClass(ClassLoaders.java:178)
	at java.base/java.lang.ClassLoader.loadClass(ClassLoader.java:521)
	... 23 more
2020-08-29 14:21:24,197 | INFO | DefaultTypeConverter.java 66 | Type converters loaded (core: 191, classpath: 0)
2020-08-29 14:22:12,181 | INFO | DefaultCamelContext.java 3146 | Apache Camel 2.20.1 (CamelContext: camel-1) is starting
2020-08-29 14:22:12,190 | INFO | ManagedManagementStrategy.java 205 | JMX is enabled
2020-08-29 14:22:12,629 | WARN | AnnotationTypeConverterLoader.java 299 | Ignoring converter type: org.apache.camel.converter.AttachmentConverter as a dependent class could not be found: java.lang.NoClassDefFoundError: javax/activation/DataHandler
java.lang.NoClassDefFoundError: javax/activation/DataHandler
	at java.base/java.lang.Class.getDeclaredMethods0(Native Method)
	at java.base/java.lang.Class.privateGetDeclaredMethods(Class.java:3167)
	at java.base/java.lang.Class.getDeclaredMethods(Class.java:2310)
	at org.apache.camel.impl.converter.AnnotationTypeConverterLoader.loadConverterMethods(AnnotationTypeConverterLoader.java:262)
	at org.apache.camel.impl.converter.AnnotationTypeConverterLoader.load(AnnotationTypeConverterLoader.java:130)
	at org.apache.camel.impl.converter.BaseTypeConverterRegistry.loadCoreTypeConverters(BaseTypeConverterRegistry.java:632)
	at org.apache.camel.impl.converter.DefaultTypeConverter.doStart(DefaultTypeConverter.java:58)
	at org.apache.camel.support.ServiceSupport.start(ServiceSupport.java:61)
	at org.apache.camel.util.ServiceHelper.startService(ServiceHelper.java:75)
	at org.apache.camel.impl.DefaultCamelContext.doAddService(DefaultCamelContext.java:1495)
	at org.apache.camel.impl.DefaultCamelContext.addService(DefaultCamelContext.java:1455)
	at org.apache.camel.impl.DefaultCamelContext.getTypeConverter(DefaultCamelContext.java:2576)
	at org.apache.camel.impl.DefaultCamelContext.getTypeConverterRegistry(DefaultCamelContext.java:2599)
	at org.apache.camel.impl.DefaultCamelContext.forceLazyInitialization(DefaultCamelContext.java:4088)
	at org.apache.camel.impl.DefaultCamelContext.doStartCamel(DefaultCamelContext.java:3378)
	at org.apache.camel.impl.DefaultCamelContext.access$000(DefaultCamelContext.java:208)
	at org.apache.camel.impl.DefaultCamelContext$2.call(DefaultCamelContext.java:3249)
	at org.apache.camel.impl.DefaultCamelContext$2.call(DefaultCamelContext.java:3245)
	at org.apache.camel.impl.DefaultCamelContext.doWithDefinedClassLoader(DefaultCamelContext.java:3268)
	at org.apache.camel.impl.DefaultCamelContext.doStart(DefaultCamelContext.java:3245)
	at org.apache.camel.support.ServiceSupport.start(ServiceSupport.java:61)
	at org.apache.camel.impl.DefaultCamelContext.start(DefaultCamelContext.java:3168)
	at com.learncamel.file.CopyFilesCamelLogging.main(CopyFilesCamelLogging.java:27)
Caused by: java.lang.ClassNotFoundException: javax.activation.DataHandler
	at java.base/jdk.internal.loader.BuiltinClassLoader.loadClass(BuiltinClassLoader.java:602)
	at java.base/jdk.internal.loader.ClassLoaders$AppClassLoader.loadClass(ClassLoaders.java:178)
	at java.base/java.lang.ClassLoader.loadClass(ClassLoader.java:521)
	... 23 more
2020-08-29 14:22:12,689 | INFO | DefaultTypeConverter.java 66 | Type converters loaded (core: 191, classpath: 0)
2020-08-29 14:25:15,152 | INFO | DefaultCamelContext.java 3146 | Apache Camel 2.20.1 (CamelContext: camel-1) is starting
2020-08-29 14:25:15,164 | INFO | ManagedManagementStrategy.java 205 | JMX is enabled
2020-08-29 14:25:15,787 | INFO | DefaultTypeConverter.java 66 | Type converters loaded (core: 192, classpath: 0)
2020-08-29 14:25:16,210 | INFO | DefaultCamelContext.java 3466 | StreamCaching is not in use. If using streams then its recommended to enable stream caching. See more details at http://camel.apache.org/stream-caching.html
2020-08-29 14:25:16,221 | INFO | FileEndpoint.java 104 | Endpoint is configured with noop=true so forcing endpoint to be idempotent as well
2020-08-29 14:25:16,222 | INFO | FileEndpoint.java 110 | Using default memory based idempotent repository with cache max size: 1000
2020-08-29 14:25:16,350 | INFO | DefaultCamelContext.java 4026 | Route: route1 started and consuming from: file://data/input?noop=true
2020-08-29 14:25:16,351 | INFO | DefaultCamelContext.java 3195 | Total 1 routes, of which 1 are started
2020-08-29 14:25:16,360 | INFO | DefaultCamelContext.java 3207 | Apache Camel 2.20.1 (CamelContext: camel-1) started in 1.210 seconds
2020-08-29 14:25:17,416 | INFO | CamelLogger.java 159 | Exchange[ExchangePattern: InOnly, Headers: {breadcrumbId=ID-INHYICLP00280-1598691314276-0-1, CamelFileAbsolute=false, CamelFileAbsolutePath=C:\Users\rk00333040\git\Camel\learncamel-simple-route\data\input\file1.txt, CamelFileLastModified=1598662976691, CamelFileLength=2, CamelFileName=file1.txt, CamelFileNameConsumed=file1.txt, CamelFileNameOnly=file1.txt, CamelFileParent=data\input, CamelFilePath=data\input\file1.txt, CamelFileRelativePath=file1.txt}, BodyType: org.apache.camel.component.file.GenericFile, Body: [Body is file based: GenericFile[file1.txt]]]
2020-08-29 14:25:17,462 | INFO | CamelLogger.java 159 | Exchange[ExchangePattern: InOnly, Headers: {breadcrumbId=ID-INHYICLP00280-1598691314276-0-2, CamelFileAbsolute=false, CamelFileAbsolutePath=C:\Users\rk00333040\git\Camel\learncamel-simple-route\data\input\file2.txt, CamelFileLastModified=1598662976563, CamelFileLength=5, CamelFileName=file2.txt, CamelFileNameConsumed=file2.txt, CamelFileNameOnly=file2.txt, CamelFileParent=data\input, CamelFilePath=data\input\file2.txt, CamelFileRelativePath=file2.txt}, BodyType: org.apache.camel.component.file.GenericFile, Body: [Body is file based: GenericFile[file2.txt]]]
2020-08-29 14:25:21,360 | INFO | DefaultCamelContext.java 3497 | Apache Camel 2.20.1 (CamelContext: camel-1) is shutting down
2020-08-29 14:25:21,362 | INFO | DefaultShutdownStrategy.java 195 | Starting to graceful shutdown 1 routes (timeout 300 seconds)
2020-08-29 14:25:21,371 | INFO | DefaultShutdownStrategy.java 671 | Route: route1 shutdown complete, was consuming from: file://data/input?noop=true
2020-08-29 14:25:21,372 | INFO | DefaultShutdownStrategy.java 260 | Graceful shutdown of 1 routes completed in 0 seconds
2020-08-29 14:25:21,423 | INFO | DefaultCamelContext.java 3588 | Apache Camel 2.20.1 (CamelContext: camel-1) uptime 6.281 seconds
2020-08-29 14:25:21,426 | INFO | DefaultCamelContext.java 3589 | Apache Camel 2.20.1 (CamelContext: camel-1) is shutdown in 0.066 seconds
2020-08-29 14:44:12,935 | INFO | CamelTestSupport.java 243 | ********************************************************************************
2020-08-29 14:44:12,944 | INFO | CamelTestSupport.java 244 | Testing: checkFileExistsInOutputDirectory(com.learncamel.file.CopyFilesRouteTest)
2020-08-29 14:44:12,945 | INFO | CamelTestSupport.java 245 | ********************************************************************************
2020-08-29 14:44:14,078 | INFO | DefaultCamelContext.java 3146 | Apache Camel 2.20.1 (CamelContext: camel-1) is starting
2020-08-29 14:44:14,082 | INFO | DefaultManagementStrategy.java 232 | JMX is disabled
2020-08-29 14:44:14,180 | INFO | DefaultTypeConverter.java 66 | Type converters loaded (core: 192, classpath: 0)
2020-08-29 14:44:14,370 | INFO | DefaultCamelContext.java 3497 | Apache Camel 2.20.1 (CamelContext: camel-1) is shutting down
2020-08-29 14:44:14,439 | INFO | DefaultCamelContext.java 3588 | Apache Camel 2.20.1 (CamelContext: camel-1) uptime 0.356 seconds
2020-08-29 14:44:14,441 | INFO | DefaultCamelContext.java 3589 | Apache Camel 2.20.1 (CamelContext: camel-1) is shutdown in 0.071 seconds
2020-08-29 14:44:14,442 | INFO | CamelTestSupport.java 389 | ********************************************************************************
2020-08-29 14:44:14,443 | INFO | CamelTestSupport.java 390 | Testing done: checkFileExistsInOutputDirectory(com.learncamel.file.CopyFilesRouteTest)
2020-08-29 14:44:14,444 | INFO | CamelTestSupport.java 391 | Took: 1.514 seconds (1514 millis)
2020-08-29 14:44:14,445 | INFO | CamelTestSupport.java 420 | ********************************************************************************
2020-08-29 14:47:04,251 | INFO | CamelTestSupport.java 243 | ********************************************************************************
2020-08-29 14:47:04,259 | INFO | CamelTestSupport.java 244 | Testing: checkFileExistsInOutputDirectory(com.learncamel.file.CopyFilesRouteTest)
2020-08-29 14:47:04,260 | INFO | CamelTestSupport.java 245 | ********************************************************************************
2020-08-29 14:47:05,183 | INFO | DefaultCamelContext.java 3146 | Apache Camel 2.20.1 (CamelContext: camel-1) is starting
2020-08-29 14:47:05,188 | INFO | DefaultManagementStrategy.java 232 | JMX is disabled
2020-08-29 14:47:05,299 | INFO | DefaultTypeConverter.java 66 | Type converters loaded (core: 192, classpath: 0)
2020-08-29 14:47:05,439 | INFO | DefaultCamelContext.java 3497 | Apache Camel 2.20.1 (CamelContext: camel-1) is shutting down
2020-08-29 14:47:05,476 | INFO | DefaultCamelContext.java 3588 | Apache Camel 2.20.1 (CamelContext: camel-1) uptime 0.290 seconds
2020-08-29 14:47:05,476 | INFO | DefaultCamelContext.java 3589 | Apache Camel 2.20.1 (CamelContext: camel-1) is shutdown in 0.037 seconds
2020-08-29 14:47:05,477 | INFO | CamelTestSupport.java 389 | ********************************************************************************
2020-08-29 14:47:05,477 | INFO | CamelTestSupport.java 390 | Testing done: checkFileExistsInOutputDirectory(com.learncamel.file.CopyFilesRouteTest)
2020-08-29 14:47:05,478 | INFO | CamelTestSupport.java 391 | Took: 1.233 seconds (1233 millis)
2020-08-29 14:47:05,478 | INFO | CamelTestSupport.java 420 | ********************************************************************************
